{"message":"Testing started, creating topic queue.","level":"info"}
{"message":"************","level":"info"}
{"message":{},"level":"info"}
{"message":"Testing complete, clearing topic queue.","level":"info"}
{"message":"Testing started, creating topic queue.","level":"info"}
{"message":"************","level":"info"}
{"message":{},"level":"info"}
{"level":"info","message":"Testing complete, clearing topic queue."}
{"message":"Testing started, creating topic queue.","level":"info"}
{"message":"************","level":"info"}
{"message":{},"level":"info"}
{"level":"info","message":"Testing started, creating topic queue."}
{"level":"info","message":"Testing complete, clearing topic queue."}
{"level":"info","message":"Testing started, creating topic queue."}
{"level":"info","message":"Testing complete, clearing topic queue."}
{"level":"info","message":"Testing started, creating topic queue."}
{"level":"info","message":"Testing complete, clearing topic queue."}
{"level":"info","message":"Testing started, creating topic queue."}
{"level":"info","message":"Testing complete, clearing topic queue."}
{"level":"info","message":"Testing started, creating topic queue."}
{"level":"info","message":"Testing complete, clearing topic queue."}
{"level":"info","message":"Testing started, creating topic queue."}
{"level":"info","message":"Testing complete, clearing topic queue."}
{"level":"info","message":"Testing started, creating topic queue."}
{"level":"info","message":"Testing complete, clearing topic queue."}
{"level":"info","message":"Testing started, creating topic queue."}
{"level":"info","message":"Testing complete, clearing topic queue."}
{"level":"info","message":"Testing started, creating topic queue."}
{"level":"info","message":"Testing complete, clearing topic queue."}
{"level":"info","message":"Testing started, creating topic queue."}
{"level":"info","message":"Testing complete, clearing topic queue."}
{"level":"info","message":"Testing started, creating topic queue."}
{"level":"info","message":"Testing complete, clearing topic queue."}
{"level":"info","message":"Testing started, creating topic queue."}
{"level":"info","message":"Testing complete, clearing topic queue."}
{"level":"info","message":"Testing started, creating topic queue."}
{"level":"info","message":"Testing complete, clearing topic queue."}
{"level":"info","message":"Testing started, creating topic queue."}
{"level":"info","message":"Testing complete, clearing topic queue."}
{"level":"info","message":"Testing started, creating topic queue."}
{"level":"info","message":"Testing complete, clearing topic queue."}
{"level":"info","message":"Testing started, creating topic queue."}
{"level":"info","message":"Testing complete, clearing topic queue."}
{"level":"info","message":"Testing started, creating topic queue."}
{"level":"info","message":"Testing complete, clearing topic queue."}
{"level":"info","message":"Testing started, creating topic queue."}
{"level":"info","message":"Testing complete, clearing topic queue."}
{"message":"Example test-group 0 [object Object]","level":"info"}
{"level":"info","message":"Testing started, creating topic queue."}
{"level":"info","message":"Testing complete, clearing topic queue."}
{"level":"info","message":"Testing started, creating topic queue."}
{"level":"info","message":"Testing complete, clearing topic queue."}
{"level":"info","message":"Testing started, creating topic queue."}
{"level":"info","message":"Testing complete, clearing topic queue."}
{"level":"info","message":"Testing started, creating topic queue."}
{"level":"info","message":"Testing complete, clearing topic queue."}
{"level":"info","message":"Testing started, creating topic queue."}
{"level":"info","message":"Testing complete, clearing topic queue."}
{"level":"info","message":"Testing started, creating topic queue."}
{"level":"info","message":"Testing complete, clearing topic queue."}
{"level":"info","message":"Testing started, creating topic queue."}
{"level":"info","message":"Testing complete, clearing topic queue."}
{"level":"info","message":"Testing started, creating topic queue."}
{"level":"info","message":"Testing complete, clearing topic queue."}
{"level":"info","message":"Testing started, creating topic queue."}
{"level":"info","message":"Testing complete, clearing topic queue."}
{"level":"info","message":"Testing started, creating topic queue."}
{"level":"info","message":"Testing complete, clearing topic queue."}
{"level":"info","message":"Testing started, creating topic queue."}
{"level":"info","message":"Testing complete, clearing topic queue."}
{"level":"info","message":"Testing started, creating topic queue."}
{"level":"info","message":"Testing complete, clearing topic queue."}
{"level":"info","message":"Testing started, creating topic queue."}
{"level":"info","message":"Testing complete, clearing topic queue."}
{"level":"info","message":"Testing started, creating topic queue."}
{"level":"info","message":"Testing complete, clearing topic queue."}
{"level":"info","message":"Testing started, creating topic queue."}
{"level":"info","message":"Testing complete, clearing topic queue."}
{"level":"info","message":"Testing started, creating topic queue."}
{"level":"info","message":"Testing complete, clearing topic queue."}
{"level":"info","message":"Testing started, creating topic queue."}
{"level":"info","message":"Testing complete, clearing topic queue."}
{"level":"info","message":"Testing started, creating topic queue."}
{"level":"info","message":"Testing complete, clearing topic queue."}
{"level":"info","message":"Testing started, creating topic queue."}
{"level":"info","message":"Testing complete, clearing topic queue."}
{"level":"info","message":"Testing started, creating topic queue."}
{"level":"info","message":"Testing complete, clearing topic queue."}
{"level":"info","message":"Testing started, creating topic queue."}
{"level":"info","message":"Testing complete, clearing topic queue."}
{"level":"info","message":"Testing started, creating topic queue."}
{"level":"info","message":"Testing complete, clearing topic queue."}
{"level":"info","message":"Testing started, creating topic queue."}
{"level":"info","message":"Testing complete, clearing topic queue."}
{"level":"info","message":"Testing started, creating topic queue."}
{"level":"info","message":"Testing complete, clearing topic queue."}
{"level":"info","message":"Testing started, creating topic queue."}
{"level":"info","message":"Testing complete, clearing topic queue."}
{"level":"info","message":"Testing started, creating topic queue."}
{"level":"info","message":"Testing complete, clearing topic queue."}
{"level":"info","message":"Testing started, creating topic queue."}
{"level":"info","message":"Testing complete, clearing topic queue."}
{"level":"info","message":"Testing started, creating topic queue."}
{"level":"info","message":"Testing complete, clearing topic queue."}
{"level":"info","message":"Testing started, creating topic queue."}
{"level":"info","message":"Testing complete, clearing topic queue."}
