{"level":"info","message":"Starting","extra":{"timestamp":"2021-09-24T19:06:25.414Z","logger":"kafkajs","groupId":"test-group"}}
{"level":"info","message":"Consumer has joined the group","extra":{"timestamp":"2021-09-24T19:06:25.459Z","logger":"kafkajs","groupId":"test-group","memberId":"test-group-9844e636-7dcb-4f7c-af57-3c1addf3f6ed","leaderId":"test-group-9844e636-7dcb-4f7c-af57-3c1addf3f6ed","isLeader":true,"memberAssignment":{"test-group":[0]},"groupProtocol":"RoundRobinAssigner","duration":44}}
{"level":"info","message":"Stopped","extra":{"timestamp":"2021-09-24T19:06:25.514Z","logger":"kafkajs","groupId":"test-group"}}
{"level":"info","message":"BARF","extra":{"timestamp":"2021-09-24T19:09:46.952Z","logger":"kafkajs","groupId":"test-group"}}
{"level":"info","message":"BARF","extra":{"timestamp":"2021-09-24T19:09:46.989Z","logger":"kafkajs","groupId":"test-group","memberId":"test-group-8f101395-feb3-44ca-b6f6-404d6c1faa07","leaderId":"test-group-8f101395-feb3-44ca-b6f6-404d6c1faa07","isLeader":true,"memberAssignment":{"test-group":[0]},"groupProtocol":"RoundRobinAssigner","duration":36}}
{"level":"info","message":"BARF","extra":{"timestamp":"2021-09-24T19:09:47.028Z","logger":"kafkajs","groupId":"test-group"}}
{"level":"info","message":"Starting","extra":{"timestamp":"2021-09-24T19:11:22.629Z","logger":"kafkajs","groupId":"test-group"}}
{"level":"info","message":"Consumer has joined the group","extra":{"timestamp":"2021-09-24T19:11:22.658Z","logger":"kafkajs","groupId":"test-group","memberId":"test-group-48fbd874-29f8-4f7a-9150-ce6424f7581d","leaderId":"test-group-48fbd874-29f8-4f7a-9150-ce6424f7581d","isLeader":true,"memberAssignment":{"test-group":[0]},"groupProtocol":"RoundRobinAssigner","duration":27}}
{"level":"info","message":"Stopped","extra":{"timestamp":"2021-09-24T19:11:22.696Z","logger":"kafkajs","groupId":"test-group"}}
{"level":"info","message":"Starting","extra":{"timestamp":"2021-09-24T19:12:27.544Z","logger":"kafkajs","groupId":"test-group"}}
{"level":"info","message":"Consumer has joined the group","extra":{"timestamp":"2021-09-24T19:12:27.576Z","logger":"kafkajs","groupId":"test-group","memberId":"test-group-0db5e481-a6bc-49bc-92a2-c4bc01ec8eb1","leaderId":"test-group-0db5e481-a6bc-49bc-92a2-c4bc01ec8eb1","isLeader":true,"memberAssignment":{"test-group":[0]},"groupProtocol":"RoundRobinAssigner","duration":31}}
{"level":"info","message":"Stopped","extra":{"timestamp":"2021-09-24T19:12:27.626Z","logger":"kafkajs","groupId":"test-group"}}
{"level":"info","message":"Starting","extra":{"timestamp":"2021-09-24T19:12:57.181Z","logger":"kafkajs","groupId":"test-group"}}
{"level":"info","message":"Consumer has joined the group","extra":{"timestamp":"2021-09-24T19:12:57.213Z","logger":"kafkajs","groupId":"test-group","memberId":"test-group-b10e7825-71ab-4e33-913a-a87117bc3f84","leaderId":"test-group-b10e7825-71ab-4e33-913a-a87117bc3f84","isLeader":true,"memberAssignment":{"test-group":[0]},"groupProtocol":"RoundRobinAssigner","duration":31}}
{"level":"info","message":"Stopped","extra":{"timestamp":"2021-09-24T19:12:57.254Z","logger":"kafkajs","groupId":"test-group"}}
{"level":"info","message":"Starting","extra":{"timestamp":"2021-09-24T19:13:51.481Z","logger":"kafkajs","groupId":"test-group"}}
{"level":"info","message":"Consumer has joined the group","extra":{"timestamp":"2021-09-24T19:13:51.517Z","logger":"kafkajs","groupId":"test-group","memberId":"test-group-8d11115f-9422-4c29-91ca-dbd2bccf244a","leaderId":"test-group-8d11115f-9422-4c29-91ca-dbd2bccf244a","isLeader":true,"memberAssignment":{"test-group":[0]},"groupProtocol":"RoundRobinAssigner","duration":34}}
{"level":"info","message":"Stopped","extra":{"timestamp":"2021-09-24T19:13:51.562Z","logger":"kafkajs","groupId":"test-group"}}
{"level":"info","message":"Starting","extra":{"timestamp":"2021-09-24T19:14:31.835Z","logger":"kafkajs","groupId":"test-group"}}
{"level":"info","message":"Consumer has joined the group","extra":{"timestamp":"2021-09-24T19:14:31.883Z","logger":"kafkajs","groupId":"test-group","memberId":"test-group-40a14c22-0f53-42c7-9a51-44a2f3633668","leaderId":"test-group-40a14c22-0f53-42c7-9a51-44a2f3633668","isLeader":true,"memberAssignment":{"test-group":[0]},"groupProtocol":"RoundRobinAssigner","duration":47}}
{"level":"info","message":"Stopped","extra":{"timestamp":"2021-09-24T19:14:31.936Z","logger":"kafkajs","groupId":"test-group"}}
{"level":"info","message":"Starting","extra":{"timestamp":"2021-09-24T20:19:42.592Z","logger":"kafkajs","groupId":"test-group"}}
{"level":"info","message":"Consumer has joined the group","extra":{"timestamp":"2021-09-24T20:19:42.631Z","logger":"kafkajs","groupId":"test-group","memberId":"test-group-33c23f9f-eacf-40e5-9003-2e576fabf77c","leaderId":"test-group-33c23f9f-eacf-40e5-9003-2e576fabf77c","isLeader":true,"memberAssignment":{"test-group":[0]},"groupProtocol":"RoundRobinAssigner","duration":38}}
{"level":"info","message":"Stopped","extra":{"timestamp":"2021-09-24T20:19:42.680Z","logger":"kafkajs","groupId":"test-group"}}
{"level":"info","message":"Starting","extra":{"timestamp":"2021-09-24T20:28:19.470Z","logger":"kafkajs","groupId":"test-group"}}
{"level":"info","message":"Consumer has joined the group","extra":{"timestamp":"2021-09-24T20:28:19.508Z","logger":"kafkajs","groupId":"test-group","memberId":"test-group-8bb65646-88b9-4426-aa34-e3c606b99c7f","leaderId":"test-group-8bb65646-88b9-4426-aa34-e3c606b99c7f","isLeader":true,"memberAssignment":{"test-group":[0]},"groupProtocol":"RoundRobinAssigner","duration":36}}
{"level":"info","message":"Stopped","extra":{"timestamp":"2021-09-24T20:28:19.558Z","logger":"kafkajs","groupId":"test-group"}}
{"level":"info","message":"Starting","extra":{"timestamp":"2021-09-24T20:32:32.083Z","logger":"kafkajs","groupId":"test-group"}}
{"level":"info","message":"Consumer has joined the group","extra":{"timestamp":"2021-09-24T20:32:32.119Z","logger":"kafkajs","groupId":"test-group","memberId":"test-group-717af387-8281-4a6d-8ab2-6e7a581991ed","leaderId":"test-group-717af387-8281-4a6d-8ab2-6e7a581991ed","isLeader":true,"memberAssignment":{"test-group":[0]},"groupProtocol":"RoundRobinAssigner","duration":33}}
{"level":"info","message":"Stopped","extra":{"timestamp":"2021-09-24T20:32:32.168Z","logger":"kafkajs","groupId":"test-group"}}
{"level":"info","message":"Starting","extra":{"timestamp":"2021-09-24T20:33:04.965Z","logger":"kafkajs","groupId":"test-group"}}
{"level":"info","message":"Consumer has joined the group","extra":{"timestamp":"2021-09-24T20:33:05.000Z","logger":"kafkajs","groupId":"test-group","memberId":"test-group-2a93bbeb-0768-4d83-9a5d-a805b9ea9fa5","leaderId":"test-group-2a93bbeb-0768-4d83-9a5d-a805b9ea9fa5","isLeader":true,"memberAssignment":{"test-group":[0]},"groupProtocol":"RoundRobinAssigner","duration":34}}
{"level":"info","message":"Stopped","extra":{"timestamp":"2021-09-24T20:33:05.047Z","logger":"kafkajs","groupId":"test-group"}}
{"level":"info","message":"Starting","extra":{"timestamp":"2021-09-24T20:37:16.580Z","logger":"kafkajs","groupId":"test-group"}}
{"level":"info","message":"Consumer has joined the group","extra":{"timestamp":"2021-09-24T20:37:16.613Z","logger":"kafkajs","groupId":"test-group","memberId":"test-group-d59d4ef9-caf2-4c8f-996f-dd4a6789b7ba","leaderId":"test-group-d59d4ef9-caf2-4c8f-996f-dd4a6789b7ba","isLeader":true,"memberAssignment":{"test-group":[0]},"groupProtocol":"RoundRobinAssigner","duration":32}}
{"level":"info","message":"Stopped","extra":{"timestamp":"2021-09-24T20:37:16.656Z","logger":"kafkajs","groupId":"test-group"}}
{"level":"info","message":"Starting","extra":{"timestamp":"2021-09-24T20:43:06.168Z","logger":"kafkajs","groupId":"test-group"}}
{"level":"info","message":"Consumer has joined the group","extra":{"timestamp":"2021-09-24T20:43:06.198Z","logger":"kafkajs","groupId":"test-group","memberId":"test-group-b14f4f5b-feef-4d33-a61a-b6d6e3547553","leaderId":"test-group-b14f4f5b-feef-4d33-a61a-b6d6e3547553","isLeader":true,"memberAssignment":{"test-group":[0]},"groupProtocol":"RoundRobinAssigner","duration":30}}
{"level":"info","message":"Stopped","extra":{"timestamp":"2021-09-24T20:43:06.237Z","logger":"kafkajs","groupId":"test-group"}}
